{"timestamp":"2025-06-23T21:40:27.131Z","operation":"SELECT","table":"UTENTE","success":true,"data":"{\"email\":\"timothy.giolito@gmail.com\",\"found\":false}","error":null}
{"timestamp":"2025-06-23T21:40:27.148Z","operation":"INSERT","table":"UTENTE","success":true,"data":"{\"nome\":\"Timothy Giolito\",\"cognome\":\"Giolito\",\"data_nascita\":\"2025-06-23\",\"email\":\"timothy.giolito@gmail.com\",\"password\":\"1b6e0de87b75d10b2b22935165c81a2de8a5dd8a76c6c6519c76c8c789e7f6a5\",\"ruolo\":\"utente\",\"id\":1}","error":null}
{"timestamp":"2025-06-23T21:46:54.433Z","operation":"SELECT","table":"UTENTE","success":true,"data":"{\"email\":\"marco.verdi@gmail.com\",\"found\":false}","error":null}
{"timestamp":"2025-06-23T21:46:54.458Z","operation":"INSERT","table":"UTENTE","success":true,"data":"{\"nome\":\"Marco Verdi\",\"cognome\":\"Verdi\",\"data_nascita\":\"2025-06-23\",\"email\":\"marco.verdi@gmail.com\",\"password\":\"ef5abd15f2d0fd3918769f121f0abee30f58826c32c88520254e1a5124e61004\",\"ruolo\":\"utente\",\"id\":2}","error":null}
{"timestamp":"2025-06-23T21:54:29.151Z","operation":"SELECT","table":"UTENTE","success":true,"data":"{\"email\":\"marco.verdi@gmail.com\",\"found\":true}","error":null}
{"timestamp":"2025-06-23T21:56:20.443Z","operation":"SELECT","table":"UTENTE","success":true,"data":"{\"email\":\"mattia.rossi@gmail.com\",\"found\":false}","error":null}
{"timestamp":"2025-06-23T21:56:20.461Z","operation":"INSERT","table":"UTENTE","success":true,"data":"{\"nome\":\"Mattia Rossi\",\"cognome\":\"Rossi\",\"data_nascita\":\"2025-06-23\",\"email\":\"mattia.rossi@gmail.com\",\"password\":\"42bdd7615b36fd24071246d612f22356b8175276d0e486b17456e974f0ca4771\",\"ruolo\":\"utente\",\"id\":3}","error":null}
{"timestamp":"2025-06-23T22:05:17.142Z","operation":"SELECT","table":"UTENTE","success":true,"data":"{\"email\":\"andrea.giovanni@gmail.com\",\"found\":false}","error":null}
{"timestamp":"2025-06-23T22:05:17.162Z","operation":"INSERT","table":"UTENTE","success":true,"data":"{\"nome\":\"Andrea Giovanni\",\"cognome\":\"Giovanni\",\"data_nascita\":\"2025-06-23\",\"email\":\"andrea.giovanni@gmail.com\",\"password\":\"f8662785cfbfc15362c6b8246df6650df134ff64ce88246caad5e475744d9e0d\",\"ruolo\":\"utente\",\"id\":4}","error":null}
{"timestamp":"2025-06-23T22:22:54.670Z","operation":"INSERT","table":"RECENSIONI","success":false,"data":"{\"contenuto\":\"La mia macchina dei sogni!\\r\\n\",\"voto\":5,\"data_recensione\":\"2025-06-23T22:22:54.628Z\"}","error":"NOT NULL constraint failed: RECENSIONI.ID_utente"}
{"timestamp":"2025-06-23T22:23:18.407Z","operation":"INSERT","table":"RECENSIONI","success":false,"data":"{\"contenuto\":\"Bellissima esperienza!\\r\\n\",\"voto\":5,\"data_recensione\":\"2025-06-23T22:23:18.399Z\"}","error":"NOT NULL constraint failed: RECENSIONI.ID_utente"}
{"timestamp":"2025-06-23T22:23:50.857Z","operation":"INSERT","table":"RECENSIONI","success":false,"data":"{\"contenuto\":\"Bellissima\",\"voto\":4,\"data_recensione\":\"2025-06-23T22:23:50.850Z\"}","error":"NOT NULL constraint failed: RECENSIONI.ID_utente"}
{"timestamp":"2025-06-23T22:24:23.251Z","operation":"INSERT","table":"PRENOTAZIONE","success":false,"data":"{\"data_prenotazione\":\"2025-06-29T00:00:00.000Z\",\"circuito\":null}","error":"NOT NULL constraint failed: PRENOTAZIONE.ID_utente"}
{"timestamp":"2025-06-23T22:25:40.848Z","operation":"INSERT","table":"PRENOTAZIONE","success":false,"data":"{\"data_prenotazione\":\"2025-06-28T00:00:00.000Z\",\"circuito\":null}","error":"NOT NULL constraint failed: PRENOTAZIONE.ID_utente"}
{"timestamp":"2025-06-23T22:26:34.732Z","operation":"INSERT","table":"RECENSIONI","success":false,"data":"{\"contenuto\":\"Fantastico\",\"voto\":5}","error":"NOT NULL constraint failed: RECENSIONI.ID_utente"}
{"timestamp":"2025-06-23T22:29:12.573Z","operation":"SELECT","table":"UTENTE","success":true,"data":"{\"email\":\"timothy.giolito@gmail.com\",\"found\":true}","error":null}
{"timestamp":"2025-06-23T22:30:13.620Z","operation":"INSERT","table":"PRENOTAZIONE","success":false,"data":"{\"ID_utente\":1,\"data_prenotazione\":\"2025-06-28T00:00:00.000Z\",\"circuito\":null}","error":"NOT NULL constraint failed: PRENOTAZIONE.ID_auto"}
{"timestamp":"2025-06-23T22:33:02.801Z","operation":"SELECT","table":"UTENTE","success":true,"data":"{\"email\":\"timothy.giolito@gmail.com\",\"found\":true}","error":null}
{"timestamp":"2025-06-23T22:33:19.101Z","operation":"INSERT","table":"PRENOTAZIONE","success":false,"data":"{\"ID_utente\":1,\"ID_auto\":1,\"data_prenotazione\":\"2025-06-26\",\"circuito\":null,\"tipologia\":\"noleggio\"}","error":"FOREIGN KEY constraint failed"}
{"timestamp":"2025-06-23T22:36:20.730Z","operation":"SELECT","table":"UTENTE","success":true,"data":"{\"email\":\"timothy.giolito@gmail.com\",\"found\":true}","error":null}
{"timestamp":"2025-06-23T22:36:38.937Z","operation":"INSERT","table":"PAGAMENTI","success":true,"data":"{\"ID_prenotazione\":1,\"ID_utente\":1,\"importo\":\"4392.00\",\"metodo_pagamento\":\"bank\",\"data_pagamento\":\"2025-06-23T22:36:38.869Z\",\"id\":1}","error":null}
{"timestamp":"2025-06-24T07:58:24.887Z","operation":"SELECT","table":"UTENTE","success":true,"data":"{\"email\":\"timothy.giolito@gmail.com\",\"found\":true}","error":null}
{"timestamp":"2025-06-24T07:59:45.329Z","operation":"INSERT","table":"PAGAMENTI","success":true,"data":"{\"ID_prenotazione\":2,\"ID_utente\":1,\"importo\":\"3355.00\",\"metodo_pagamento\":\"bank\",\"data_pagamento\":\"2025-06-24T07:59:45.309Z\",\"id\":2}","error":null}
{"timestamp":"2025-06-24T08:00:46.967Z","operation":"SELECT","table":"UTENTE","success":true,"data":"{\"email\":\"marco.valdo@gmail.com\",\"found\":false}","error":null}
{"timestamp":"2025-06-24T08:00:46.988Z","operation":"INSERT","table":"UTENTE","success":true,"data":"{\"nome\":\"Marco Valdo\",\"cognome\":\"Valdo\",\"data_nascita\":\"2025-06-24\",\"email\":\"marco.valdo@gmail.com\",\"password\":\"782a108738930e6b8291d36ed01269326def9208b1d22b8e3126313474e67225\",\"ruolo\":\"utente\",\"id\":5}","error":null}
{"timestamp":"2025-06-24T08:24:12.801Z","operation":"SELECT","table":"UTENTE","success":true,"data":"{\"email\":\"timothy.giolito@gmail.com\",\"found\":true}","error":null}
{"timestamp":"2025-06-24T08:27:14.665Z","operation":"SELECT","table":"UTENTE","success":true,"data":"{\"email\":\"timothy.giolito@gmail.com\",\"found\":true}","error":null}
{"timestamp":"2025-06-24T08:30:34.713Z","operation":"SELECT","table":"UTENTE","success":true,"data":"{\"email\":\"marco.verdi@gmail.com\",\"found\":true}","error":null}
{"timestamp":"2025-06-24T08:32:56.737Z","operation":"SELECT","table":"UTENTE","success":true,"data":"{\"email\":\"marco.valdo@gmail.com\",\"found\":true}","error":null}
{"timestamp":"2025-06-24T08:33:28.872Z","operation":"INSERT","table":"PAGAMENTI","success":true,"data":"{\"ID_prenotazione\":3,\"ID_utente\":5,\"importo\":\"5490.00\",\"metodo_pagamento\":\"bank\",\"data_pagamento\":\"2025-06-24T08:33:28.854Z\",\"id\":3}","error":null}
{"timestamp":"2025-06-24T08:45:34.757Z","operation":"SELECT","table":"UTENTE","success":true,"data":"{\"email\":\"alessandro.manzini@gmail.com\",\"found\":false}","error":null}
{"timestamp":"2025-06-24T08:45:34.784Z","operation":"INSERT","table":"UTENTE","success":true,"data":"{\"nome\":\"Alessandro Manzini\",\"cognome\":\"Manzini\",\"data_nascita\":\"2025-06-24\",\"email\":\"alessandro.manzini@gmail.com\",\"password\":\"157d4e836efd41c300b3cbca2c103d325b47b01afb0b7ea8319fc4978332ca99\",\"ruolo\":\"utente\",\"id\":6}","error":null}
{"timestamp":"2025-06-24T08:57:27.806Z","operation":"SELECT","table":"UTENTE","success":true,"data":"{\"email\":\"alessandro.manzini@gmail.com\",\"found\":true}","error":null}
{"timestamp":"2025-06-24T08:58:01.706Z","operation":"INSERT","table":"PAGAMENTI","success":true,"data":"{\"ID_prenotazione\":4,\"ID_utente\":6,\"importo\":\"1220.00\",\"metodo_pagamento\":\"bank\",\"data_pagamento\":\"2025-06-24T08:58:01.657Z\",\"id\":4}","error":null}
{"timestamp":"2025-06-24T08:59:53.138Z","operation":"SELECT","table":"UTENTE","success":true,"data":"{\"email\":\"alessandro.manzini@gmail.com\",\"found\":true}","error":null}
{"timestamp":"2025-06-24T09:06:30.618Z","operation":"SELECT","table":"UTENTE","success":true,"data":"{\"email\":\"timothy.giolito@gmail.com\",\"found\":true}","error":null}
{"timestamp":"2025-06-24T09:06:46.659Z","operation":"INSERT","table":"PAGAMENTI","success":true,"data":"{\"ID_prenotazione\":5,\"ID_utente\":1,\"importo\":\"1464.00\",\"metodo_pagamento\":\"bank\",\"data_pagamento\":\"2025-06-24T09:06:46.637Z\",\"id\":5}","error":null}
{"timestamp":"2025-06-24T09:10:34.153Z","operation":"SELECT","table":"UTENTE","success":true,"data":"{\"email\":\"marco.verdi@gmail.com\",\"found\":true}","error":null}
{"timestamp":"2025-06-24T09:11:04.411Z","operation":"INSERT","table":"PAGAMENTI","success":true,"data":"{\"ID_prenotazione\":6,\"ID_utente\":2,\"importo\":\"1220.00\",\"metodo_pagamento\":\"bank\",\"data_pagamento\":\"2025-06-24T09:11:04.392Z\",\"id\":6}","error":null}
{"timestamp":"2025-06-24T09:14:26.633Z","operation":"SELECT","table":"UTENTE","success":true,"data":"{\"email\":\"marco.valdo@gmail.com\",\"found\":true}","error":null}
{"timestamp":"2025-06-24T09:14:55.956Z","operation":"INSERT","table":"PAGAMENTI","success":true,"data":"{\"ID_prenotazione\":7,\"ID_utente\":5,\"importo\":\"1464.00\",\"metodo_pagamento\":\"bank\",\"data_pagamento\":\"2025-06-24T09:14:55.927Z\",\"id\":7}","error":null}
{"timestamp":"2025-06-24T09:17:32.088Z","operation":"SELECT","table":"UTENTE","success":true,"data":"{\"email\":\"sara.monaco@gmail.com\",\"found\":false}","error":null}
{"timestamp":"2025-06-24T09:17:32.110Z","operation":"INSERT","table":"UTENTE","success":true,"data":"{\"nome\":\"Sara Monaco\",\"cognome\":\"Monaco\",\"data_nascita\":\"2025-06-24\",\"email\":\"sara.monaco@gmail.com\",\"password\":\"40e911f56868108972ded153a7b72f4ec0b66143900334b73af525a02176cf98\",\"ruolo\":\"utente\",\"id\":7}","error":null}
{"timestamp":"2025-06-24T09:19:42.495Z","operation":"SELECT","table":"UTENTE","success":true,"data":"{\"email\":\"timothy.giolito@gmail.com\",\"found\":true}","error":null}
{"timestamp":"2025-06-24T09:19:58.039Z","operation":"INSERT","table":"PAGAMENTI","success":true,"data":"{\"ID_prenotazione\":8,\"ID_utente\":1,\"importo\":\"1464.00\",\"metodo_pagamento\":\"bank\",\"data_pagamento\":\"2025-06-24T09:19:58.022Z\",\"id\":8}","error":null}
{"timestamp":"2025-06-24T09:23:04.772Z","operation":"SELECT","table":"UTENTE","success":true,"data":"{\"email\":\"timothy.giolito@gmail.com\",\"found\":true}","error":null}
{"timestamp":"2025-06-24T09:23:21.192Z","operation":"INSERT","table":"PAGAMENTI","success":true,"data":"{\"ID_prenotazione\":9,\"ID_utente\":1,\"importo\":\"488.00\",\"metodo_pagamento\":\"bank\",\"data_pagamento\":\"2025-06-24T09:23:21.176Z\",\"id\":9}","error":null}
{"timestamp":"2025-06-24T09:25:22.114Z","operation":"SELECT","table":"UTENTE","success":true,"data":"{\"email\":\"timothy.giolito@gmail.com\",\"found\":true}","error":null}
{"timestamp":"2025-06-24T09:25:42.338Z","operation":"INSERT","table":"PAGAMENTI","success":true,"data":"{\"ID_prenotazione\":10,\"ID_utente\":1,\"importo\":\"732.00\",\"metodo_pagamento\":\"bank\",\"data_pagamento\":\"2025-06-24T09:25:42.311Z\",\"id\":10}","error":null}
{"timestamp":"2025-06-24T09:32:54.049Z","operation":"SELECT","table":"UTENTE","success":true,"data":"{\"email\":\"timothy.giolito@gmail.com\",\"found\":true}","error":null}
{"timestamp":"2025-06-24T09:33:11.964Z","operation":"INSERT","table":"PAGAMENTI","success":true,"data":"{\"ID_prenotazione\":11,\"ID_utente\":1,\"importo\":\"488.00\",\"metodo_pagamento\":\"bank\",\"data_pagamento\":\"2025-06-24T09:33:11.946Z\",\"id\":11}","error":null}
